生成启动时间为 4/19/17 15:16:30。
     1>项目“E:\WorkSpace\OpenCV\opencv320_test1\VideoStitchPKU\VideoStitchPKU.vcxproj”在节点 2 上(Build 个目标)。
     1>ClCompile:
         D:\vs2013\VC\bin\CL.exe /c /Zi /nologo /W1 /WX- /sdl /Od /Oi /Oy- /GL /D _CRT_SECURE_NO_WARNINGS /D _MBCS /Gm- /EHsc /MD /GS /Gy /fp:precise /Zc:wchar_t /Zc:forScope /Fo"Release\\" /Fd"Release\vc120.pdb" /Gd /TP /analyze- /errorReport:prompt apap.cpp blender.cpp exposure_compensator.cpp stdafx.cpp video_stitch.cpp video_stitcher.cpp
         apap.cpp
     1>D:\openCV\opencv320_compile\build\install_Sst\include\opencv2/core/mat.hpp(2603): warning C4819: 该文件包含不能在当前代码页(936)中表示的字符。请将该文件保存为 Unicode 格式以防止数据丢失
     1>D:\openCV\opencv320_compile\build\install_Sst\include\opencv2/core/persistence.hpp : warning C4819: 该文件包含不能在当前代码页(936)中表示的字符。请将该文件保存为 Unicode 格式以防止数据丢失
     1>D:\openCV\opencv320_compile\build\install_Sst\include\opencv2/core/utility.hpp : warning C4819: 该文件包含不能在当前代码页(936)中表示的字符。请将该文件保存为 Unicode 格式以防止数据丢失
     1>D:\openCV\opencv320_compile\build\install_Sst\include\opencv2/imgproc.hpp(595): warning C4819: 该文件包含不能在当前代码页(936)中表示的字符。请将该文件保存为 Unicode 格式以防止数据丢失
         blender.cpp
     1>D:\openCV\opencv320_compile\build\install_Sst\include\opencv2/core/mat.hpp(2603): warning C4819: 该文件包含不能在当前代码页(936)中表示的字符。请将该文件保存为 Unicode 格式以防止数据丢失
     1>D:\openCV\opencv320_compile\build\install_Sst\include\opencv2/core/persistence.hpp : warning C4819: 该文件包含不能在当前代码页(936)中表示的字符。请将该文件保存为 Unicode 格式以防止数据丢失
     1>D:\openCV\opencv320_compile\build\install_Sst\include\opencv2/core/utility.hpp : warning C4819: 该文件包含不能在当前代码页(936)中表示的字符。请将该文件保存为 Unicode 格式以防止数据丢失
         exposure_compensator.cpp
     1>D:\openCV\opencv320_compile\build\install_Sst\include\opencv2/core/mat.hpp(2603): warning C4819: 该文件包含不能在当前代码页(936)中表示的字符。请将该文件保存为 Unicode 格式以防止数据丢失
     1>D:\openCV\opencv320_compile\build\install_Sst\include\opencv2/core/persistence.hpp : warning C4819: 该文件包含不能在当前代码页(936)中表示的字符。请将该文件保存为 Unicode 格式以防止数据丢失
     1>D:\openCV\opencv320_compile\build\install_Sst\include\opencv2/core/utility.hpp : warning C4819: 该文件包含不能在当前代码页(936)中表示的字符。请将该文件保存为 Unicode 格式以防止数据丢失
     1>D:\openCV\opencv320_compile\build\install_Sst\include\opencv2/imgproc.hpp(595): warning C4819: 该文件包含不能在当前代码页(936)中表示的字符。请将该文件保存为 Unicode 格式以防止数据丢失
         stdafx.cpp
         video_stitch.cpp
     1>D:\openCV\opencv320_compile\build\install_Sst\include\opencv2/core/mat.hpp(2603): warning C4819: 该文件包含不能在当前代码页(936)中表示的字符。请将该文件保存为 Unicode 格式以防止数据丢失
     1>D:\openCV\opencv320_compile\build\install_Sst\include\opencv2/core/persistence.hpp : warning C4819: 该文件包含不能在当前代码页(936)中表示的字符。请将该文件保存为 Unicode 格式以防止数据丢失
     1>D:\openCV\opencv320_compile\build\install_Sst\include\opencv2/core/utility.hpp : warning C4819: 该文件包含不能在当前代码页(936)中表示的字符。请将该文件保存为 Unicode 格式以防止数据丢失
     1>D:\openCV\opencv320_compile\build\install_Sst\include\opencv2/imgproc.hpp(595): warning C4819: 该文件包含不能在当前代码页(936)中表示的字符。请将该文件保存为 Unicode 格式以防止数据丢失
         video_stitcher.cpp
     1>D:\openCV\opencv320_compile\build\install_Sst\include\opencv2/core/mat.hpp(2603): warning C4819: 该文件包含不能在当前代码页(936)中表示的字符。请将该文件保存为 Unicode 格式以防止数据丢失
     1>D:\openCV\opencv320_compile\build\install_Sst\include\opencv2/core/persistence.hpp : warning C4819: 该文件包含不能在当前代码页(936)中表示的字符。请将该文件保存为 Unicode 格式以防止数据丢失
     1>D:\openCV\opencv320_compile\build\install_Sst\include\opencv2/core/utility.hpp : warning C4819: 该文件包含不能在当前代码页(936)中表示的字符。请将该文件保存为 Unicode 格式以防止数据丢失
     1>D:\openCV\opencv320_compile\build\install_Sst\include\opencv2/imgproc.hpp(595): warning C4819: 该文件包含不能在当前代码页(936)中表示的字符。请将该文件保存为 Unicode 格式以防止数据丢失
       Link:
         D:\vs2013\VC\bin\link.exe /ERRORREPORT:PROMPT /OUT:"E:\WorkSpace\OpenCV\opencv320_test1\Release\VideoStitchPKU.exe" /NOLOGO opencv_aruco320.lib opencv_bgsegm320.lib opencv_bioinspired320.lib opencv_calib3d320.lib opencv_ccalib320.lib opencv_core320.lib opencv_datasets320.lib opencv_dpm320.lib opencv_face320.lib opencv_features2d320.lib opencv_flann320.lib opencv_fuzzy320.lib opencv_highgui320.lib opencv_imgcodecs320.lib opencv_imgproc320.lib opencv_line_descriptor320.lib opencv_ml320.lib opencv_objdetect320.lib opencv_optflow320.lib opencv_phase_unwrapping320.lib opencv_photo320.lib opencv_plot320.lib opencv_reg320.lib opencv_rgbd320.lib opencv_saliency320.lib opencv_shape320.lib opencv_stereo320.lib opencv_stitching320.lib opencv_structured_light320.lib opencv_superres320.lib opencv_surface_matching320.lib opencv_text320.lib opencv_tracking320.lib opencv_video320.lib opencv_videoio320.lib opencv_videostab320.lib opencv_xfeatures2d320.lib opencv_ximgproc320.lib opencv_xobjdetect320.lib opencv_xphoto320.lib kernel32.lib user32.lib gdi32.lib winspool.lib comdlg32.lib advapi32.lib shell32.lib ole32.lib oleaut32.lib uuid.lib odbc32.lib odbccp32.lib /MANIFEST /MANIFESTUAC:"level='asInvoker' uiAccess='false'" /manifest:embed /DEBUG /PDB:"E:\WorkSpace\OpenCV\opencv320_test1\Release\VideoStitchPKU.pdb" /OPT:REF /OPT:ICF /LTCG /TLBID:1 /DYNAMICBASE /NXCOMPAT /IMPLIB:"E:\WorkSpace\OpenCV\opencv320_test1\Release\VideoStitchPKU.lib" /MACHINE:X86 /SAFESEH Release\apap.obj
         Release\blender.obj
         Release\exposure_compensator.obj
         Release\stdafx.obj
         Release\video_stitch.obj
         Release\video_stitcher.obj
         正在生成代码
         已完成代码的生成
         VideoStitchPKU.vcxproj -> E:\WorkSpace\OpenCV\opencv320_test1\Release\VideoStitchPKU.exe
     1>已完成生成项目“E:\WorkSpace\OpenCV\opencv320_test1\VideoStitchPKU\VideoStitchPKU.vcxproj”(Build 个目标)的操作。

生成成功。

已用时间 00:00:16.96
